c:\users\itay\onedrive\מסמכים\מכללה\יד\cpp\date\date\x64\debug\vc143.pdb
c:\users\itay\onedrive\מסמכים\מכללה\יד\cpp\date\date\x64\debug\vc143.idb
c:\users\itay\onedrive\מסמכים\מכללה\יד\cpp\date\date\x64\debug\trip.obj
c:\users\itay\onedrive\מסמכים\מכללה\יד\cpp\date\date\x64\debug\hw3.obj
c:\users\itay\onedrive\מסמכים\מכללה\יד\cpp\date\date\x64\debug\date.obj
c:\users\itay\downloads\date (1)\date\date\x64\debug\vc143.pdb
c:\users\itay\downloads\date (1)\date\date\x64\debug\vc143.idb
c:\users\itay\downloads\date (1)\date\date\x64\debug\trip.obj
c:\users\itay\downloads\date (1)\date\date\x64\debug\hw3.obj
c:\users\itay\downloads\date (1)\date\date\x64\debug\date.obj
c:\users\itay\downloads\date (1)\date\date\x64\debug\managementtrips.obj
c:\users\itay\onedrive\מסמכים\מכללה\יד\cpp\date\date\x64\debug\hw3.ilk
c:\users\itay\onedrive\מסמכים\מכללה\יד\cpp\date\x64\debug\hw3.exe
c:\users\itay\onedrive\מסמכים\מכללה\יד\cpp\date\x64\debug\hw3.pdb
c:\users\itay\downloads\date (1)\date\date\x64\debug\hw3.ilk
c:\users\itay\downloads\date (1)\date\x64\debug\hw3.pdb
c:\users\itay\downloads\date (1)\date\x64\debug\hw3.exe
c:\users\itay\downloads\date (1)\date\date\x64\debug\hw3.tlog\cl.command.1.tlog
c:\users\itay\downloads\date (1)\date\date\x64\debug\hw3.tlog\cl.items.tlog
c:\users\itay\downloads\date (1)\date\date\x64\debug\hw3.tlog\cl.read.1.tlog
c:\users\itay\downloads\date (1)\date\date\x64\debug\hw3.tlog\cl.write.1.tlog
c:\users\itay\downloads\date (1)\date\date\x64\debug\hw3.tlog\link.command.1.tlog
c:\users\itay\downloads\date (1)\date\date\x64\debug\hw3.tlog\link.read.1.tlog
c:\users\itay\downloads\date (1)\date\date\x64\debug\hw3.tlog\link.write.1.tlog
